Using pre-set license
Built from '2022.3/staging' branch; Version is '2022.3.34f1 (4886f5360533) revision 4753141'; Using compiler version '192829333'; Build Type 'Release'
OS: 'Windows 10  (10.0.19045) 64bit Professional' Language: 'en' Physical Memory: 16305 MB
BatchMode: 1, IsHumanControllingUs: 0, StartBugReporterOnCrash: 0, Is64bit: 1, IsPro: 1

COMMAND LINE ARGUMENTS:
E:\Documents\Unity\2022.3.34f1\Editor\Unity.exe
-adb2
-batchMode
-noUpm
-name
AssetImportWorker2
-projectPath
E:/Documents/projects/Echoes of Veil
-logFile
Logs/AssetImportWorker2.log
-srvPort
61364
Successfully changed project path to: E:/Documents/projects/Echoes of Veil
E:/Documents/projects/Echoes of Veil
[UnityMemory] Configuration Parameters - Can be set up in boot.config
    "memorysetup-bucket-allocator-granularity=16"
    "memorysetup-bucket-allocator-bucket-count=8"
    "memorysetup-bucket-allocator-block-size=33554432"
    "memorysetup-bucket-allocator-block-count=8"
    "memorysetup-main-allocator-block-size=16777216"
    "memorysetup-thread-allocator-block-size=16777216"
    "memorysetup-gfx-main-allocator-block-size=16777216"
    "memorysetup-gfx-thread-allocator-block-size=16777216"
    "memorysetup-cache-allocator-block-size=4194304"
    "memorysetup-typetree-allocator-block-size=2097152"
    "memorysetup-profiler-bucket-allocator-granularity=16"
    "memorysetup-profiler-bucket-allocator-bucket-count=8"
    "memorysetup-profiler-bucket-allocator-block-size=33554432"
    "memorysetup-profiler-bucket-allocator-block-count=8"
    "memorysetup-profiler-allocator-block-size=16777216"
    "memorysetup-profiler-editor-allocator-block-size=1048576"
    "memorysetup-temp-allocator-size-main=16777216"
    "memorysetup-job-temp-allocator-block-size=2097152"
    "memorysetup-job-temp-allocator-block-size-background=1048576"
    "memorysetup-job-temp-allocator-reduction-small-platforms=262144"
    "memorysetup-allocator-temp-initial-block-size-main=262144"
    "memorysetup-allocator-temp-initial-block-size-worker=262144"
    "memorysetup-temp-allocator-size-background-worker=32768"
    "memorysetup-temp-allocator-size-job-worker=262144"
    "memorysetup-temp-allocator-size-preload-manager=33554432"
    "memorysetup-temp-allocator-size-nav-mesh-worker=65536"
    "memorysetup-temp-allocator-size-audio-worker=65536"
    "memorysetup-temp-allocator-size-cloud-worker=32768"
    "memorysetup-temp-allocator-size-gi-baking-worker=262144"
    "memorysetup-temp-allocator-size-gfx=262144"
Player connection [15956] Host "[IP] 192.168.1.161 [Port] 0 [Flags] 2 [Guid] 4267343804 [EditorId] 4267343804 [Version] 1048832 [Id] WindowsEditor(7,DESKTOP-PUO8GMV) [Debug] 1 [PackageName] WindowsEditor [ProjectName] Editor" joined multi-casting on [225.0.0.222:54997]...

Player connection [15956] Host "[IP] 192.168.1.161 [Port] 0 [Flags] 2 [Guid] 4267343804 [EditorId] 4267343804 [Version] 1048832 [Id] WindowsEditor(7,DESKTOP-PUO8GMV) [Debug] 1 [PackageName] WindowsEditor [ProjectName] Editor" joined alternative multi-casting on [225.0.0.222:34997]...

[PhysX] Initialized MultithreadedTaskDispatcher with 12 workers.
Refreshing native plugins compatible for Editor in 7.88 ms, found 3 plugins.
Preloading 0 native plugins for Editor in 0.00 ms.
Initialize engine version: 2022.3.34f1 (4886f5360533)
[Subsystems] Discovering subsystems at path E:/Documents/Unity/2022.3.34f1/Editor/Data/Resources/UnitySubsystems
[Subsystems] Discovering subsystems at path E:/Documents/projects/Echoes of Veil/Assets
GfxDevice: creating device client; threaded=0; jobified=0
Direct3D:
    Version:  Direct3D 11.0 [level 11.1]
    Renderer: NVIDIA GeForce RTX 2060 (ID=0x1f08)
    Vendor:   NVIDIA
    VRAM:     5954 MB
    Driver:   31.0.15.5176
Initialize mono
Mono path[0] = 'E:/Documents/Unity/2022.3.34f1/Editor/Data/Managed'
Mono path[1] = 'E:/Documents/Unity/2022.3.34f1/Editor/Data/MonoBleedingEdge/lib/mono/unityjit-win32'
Mono config path = 'E:/Documents/Unity/2022.3.34f1/Editor/Data/MonoBleedingEdge/etc'
Using monoOptions --debugger-agent=transport=dt_socket,embedding=1,server=y,suspend=n,address=127.0.0.1:56776
Begin MonoManager ReloadAssembly
Registering precompiled unity dll's ...
Register platform support module: E:/Documents/Unity/2022.3.34f1/Editor/Data/PlaybackEngines/WebGLSupport/UnityEditor.WebGL.Extensions.dll
Register platform support module: E:/Documents/Unity/2022.3.34f1/Editor/Data/PlaybackEngines/WindowsStandaloneSupport/UnityEditor.WindowsStandalone.Extensions.dll
Registered in 0.005009 seconds.
- Loaded All Assemblies, in  0.295 seconds
Native extension for WindowsStandalone target not found
Native extension for WebGL target not found
Mono: successfully reloaded assembly
- Finished resetting the current domain, in  0.237 seconds
Domain Reload Profiling: 532ms
	BeginReloadAssembly (102ms)
		ExecutionOrderSort (0ms)
		DisableScriptedObjects (0ms)
		BackupInstance (0ms)
		ReleaseScriptingObjects (0ms)
		CreateAndSetChildDomain (1ms)
	RebuildCommonClasses (27ms)
	RebuildNativeTypeToScriptingClass (8ms)
	initialDomainReloadingComplete (45ms)
	LoadAllAssembliesAndSetupDomain (113ms)
		LoadAssemblies (102ms)
		RebuildTransferFunctionScriptingTraits (0ms)
		AnalyzeDomain (111ms)
			TypeCache.Refresh (109ms)
				TypeCache.ScanAssembly (98ms)
			ScanForSourceGeneratedMonoScriptInfo (0ms)
			ResolveRequiredComponents (1ms)
	FinalizeReload (237ms)
		ReleaseScriptCaches (0ms)
		RebuildScriptCaches (0ms)
		SetupLoadedEditorAssemblies (190ms)
			LogAssemblyErrors (0ms)
			InitializePlatformSupportModulesInManaged (7ms)
			SetLoadedEditorAssemblies (4ms)
			RefreshPlugins (0ms)
			BeforeProcessingInitializeOnLoad (2ms)
			ProcessInitializeOnLoadAttributes (141ms)
			ProcessInitializeOnLoadMethodAttributes (37ms)
			AfterProcessingInitializeOnLoad (0ms)
			EditorAssembliesLoaded (0ms)
		ExecutionOrderSort2 (0ms)
		AwakeInstancesAfterBackupRestoration (0ms)
========================================================================
Worker process is ready to serve import requests
Begin MonoManager ReloadAssembly
- Loaded All Assemblies, in  1.248 seconds
Refreshing native plugins compatible for Editor in 2.54 ms, found 3 plugins.
Native extension for WindowsStandalone target not found
Native extension for WebGL target not found
Package Manager log level set to [2]
[Package Manager] Server::EnsureServerProcessIsRunning -- launch failed, reason: Unity was launched with the -noUpm command-line argument
[Package Manager] UpmClient::Send -- Unable to send message (not connected to UPM process).
[Package Manager] Cannot connect to Unity Package Manager local server
Mono: successfully reloaded assembly
- Finished resetting the current domain, in  0.469 seconds
Domain Reload Profiling: 1717ms
	BeginReloadAssembly (144ms)
		ExecutionOrderSort (0ms)
		DisableScriptedObjects (4ms)
		BackupInstance (0ms)
		ReleaseScriptingObjects (0ms)
		CreateAndSetChildDomain (21ms)
	RebuildCommonClasses (27ms)
	RebuildNativeTypeToScriptingClass (8ms)
	initialDomainReloadingComplete (32ms)
	LoadAllAssembliesAndSetupDomain (1034ms)
		LoadAssemblies (985ms)
		RebuildTransferFunctionScriptingTraits (0ms)
		AnalyzeDomain (140ms)
			TypeCache.Refresh (123ms)
				TypeCache.ScanAssembly (109ms)
			ScanForSourceGeneratedMonoScriptInfo (11ms)
			ResolveRequiredComponents (4ms)
	FinalizeReload (470ms)
		ReleaseScriptCaches (0ms)
		RebuildScriptCaches (0ms)
		SetupLoadedEditorAssemblies (341ms)
			LogAssemblyErrors (0ms)
			InitializePlatformSupportModulesInManaged (5ms)
			SetLoadedEditorAssemblies (4ms)
			RefreshPlugins (0ms)
			BeforeProcessingInitializeOnLoad (44ms)
			ProcessInitializeOnLoadAttributes (269ms)
			ProcessInitializeOnLoadMethodAttributes (17ms)
			AfterProcessingInitializeOnLoad (3ms)
			EditorAssembliesLoaded (0ms)
		ExecutionOrderSort2 (0ms)
		AwakeInstancesAfterBackupRestoration (6ms)
Launched and connected shader compiler UnityShaderCompiler.exe after 0.04 seconds
Refreshing native plugins compatible for Editor in 4.97 ms, found 3 plugins.
Preloading 0 native plugins for Editor in 0.00 ms.
Unloading 3095 Unused Serialized files (Serialized files now loaded: 0)
Unloading 33 unused Assets / (57.7 KB). Loaded Objects now: 3556.
Memory consumption went from 119.3 MB to 119.3 MB.
Total: 4.315900 ms (FindLiveObjects: 0.521900 ms CreateObjectMapping: 0.110100 ms MarkObjects: 3.521900 ms  DeleteObjects: 0.160900 ms)

AssetImportParameters requested are different than current active one (requested -> active):
  custom:container-demuxer-ogg: 62fdf1f143b41e24485cea50d1cbac27 -> 
  custom:video-decoder-ogg-theora: a1e56fd34408186e4bbccfd4996cb3dc -> 
  custom:framework-win-MediaFoundation: 216162199b28c13a410421893ffa2e32 -> 
  custom:CustomObjectIndexerAttribute: 9a22284fe3817be447336de3de66b15e -> 
  custom:container-demuxer-webm: 4f35f7cbe854078d1ac9338744f61a02 -> 
  custom:container-muxer-webm: aa71ff27fc2769a1b78a27578f13a17b -> 
  custom:video-decoder-webm-vp8: 9c59270c3fd7afecdb556c50c9e8de78 -> 
  custom:SearchIndexIgnoredProperties: e643bd26f0fe6173181afceb89e7c659 -> 
  custom:AudioImporter_EditorPlatform: d09bf68614088b80899f8185d706f6e7 -> 
  custom:video-encoder-webm-vp8: eb34c28f22e8b96e1ab97ce403110664 -> 
  custom:audio-decoder-ogg-vorbis: bf7c407c2cedff20999df2af8eb42d56 -> 
  custom:audio-encoder-webm-vorbis: bf7c407c2cedff20999df2af8eb42d56 -> 
========================================================================
Received Import Request.
  Time since last request: 142176.760726 seconds.
  path: Assets/Textures/Cell Floor.PNG
  artifactKey: Guid(f5596cb562c5ccc4795edcd14980bd83) Importer(815301076,1909f56bfc062723c751e8b465ee728b)
Start importing Assets/Textures/Cell Floor.PNG using Guid(f5596cb562c5ccc4795edcd14980bd83) Importer(815301076,1909f56bfc062723c751e8b465ee728b) [PhysX] Initialized MultithreadedTaskDispatcher with 12 workers.
[PhysX] Initialized MultithreadedTaskDispatcher with 12 workers.
 -> (artifact id: '0fae0f73c1c000c1a130c7c557e50788') in 0.060961 seconds
Number of updated asset objects reloaded before import = 0
Number of asset objects unloaded after import = 2
========================================================================
Received Import Request.
  Time since last request: 0.000025 seconds.
  path: Assets/Textures/Hallway Wall.PNG
  artifactKey: Guid(f69893c7ac727104bb1286ae724f3fb7) Importer(815301076,1909f56bfc062723c751e8b465ee728b)
Start importing Assets/Textures/Hallway Wall.PNG using Guid(f69893c7ac727104bb1286ae724f3fb7) Importer(815301076,1909f56bfc062723c751e8b465ee728b) [PhysX] Initialized MultithreadedTaskDispatcher with 12 workers.
[PhysX] Initialized MultithreadedTaskDispatcher with 12 workers.
 -> (artifact id: 'afe00cffde05232e5ca00cf18af1bd20') in 0.014534 seconds
Number of updated asset objects reloaded before import = 0
Number of asset objects unloaded after import = 2
========================================================================
Received Import Request.
  Time since last request: 0.000015 seconds.
  path: Assets/Textures/Statue Floor.PNG
  artifactKey: Guid(38fd87a5e52b3d44abe07de067c85ae0) Importer(815301076,1909f56bfc062723c751e8b465ee728b)
Start importing Assets/Textures/Statue Floor.PNG using Guid(38fd87a5e52b3d44abe07de067c85ae0) Importer(815301076,1909f56bfc062723c751e8b465ee728b) [PhysX] Initialized MultithreadedTaskDispatcher with 12 workers.
[PhysX] Initialized MultithreadedTaskDispatcher with 12 workers.
 -> (artifact id: '6c06fb97861c7075733baf80f608cf37') in 0.010164 seconds
Number of updated asset objects reloaded before import = 0
Number of asset objects unloaded after import = 2
========================================================================
Received Import Request.
  Time since last request: 0.000013 seconds.
  path: Assets/Textures/Dungeon Floor.PNG
  artifactKey: Guid(9be4c3442f5219c48bf6b000648df350) Importer(815301076,1909f56bfc062723c751e8b465ee728b)
Start importing Assets/Textures/Dungeon Floor.PNG using Guid(9be4c3442f5219c48bf6b000648df350) Importer(815301076,1909f56bfc062723c751e8b465ee728b) [PhysX] Initialized MultithreadedTaskDispatcher with 12 workers.
[PhysX] Initialized MultithreadedTaskDispatcher with 12 workers.
 -> (artifact id: '61382944e5cdffc11229ff360e62896a') in 0.011408 seconds
Number of updated asset objects reloaded before import = 0
Number of asset objects unloaded after import = 2
========================================================================
Received Import Request.
  Time since last request: 0.000015 seconds.
  path: Assets/Textures/Temple Walls.PNG
  artifactKey: Guid(fc227f4b1aaec7348a744ed388fb83d6) Importer(815301076,1909f56bfc062723c751e8b465ee728b)
Start importing Assets/Textures/Temple Walls.PNG using Guid(fc227f4b1aaec7348a744ed388fb83d6) Importer(815301076,1909f56bfc062723c751e8b465ee728b) [PhysX] Initialized MultithreadedTaskDispatcher with 12 workers.
[PhysX] Initialized MultithreadedTaskDispatcher with 12 workers.
 -> (artifact id: '16659f6c598783c0b31d160167c6fa7c') in 0.009368 seconds
Number of updated asset objects reloaded before import = 0
Number of asset objects unloaded after import = 2
========================================================================
Received Import Request.
  Time since last request: 25.372318 seconds.
  path: Assets/Materials/Library Wall.mat
  artifactKey: Guid(cfade9d5fd2656b4dbd612adbc85acd5) Importer(815301076,1909f56bfc062723c751e8b465ee728b)
Start importing Assets/Materials/Library Wall.mat using Guid(cfade9d5fd2656b4dbd612adbc85acd5) Importer(815301076,1909f56bfc062723c751e8b465ee728b) [PhysX] Initialized MultithreadedTaskDispatcher with 12 workers.
[PhysX] Initialized MultithreadedTaskDispatcher with 12 workers.
 -> (artifact id: '823e15eca88973e025136b5a90165e7e') in 0.524895 seconds
Number of updated asset objects reloaded before import = 0
Number of asset objects unloaded after import = 1
========================================================================
Received Import Request.
  Time since last request: 139.082145 seconds.
  path: Assets/Materials/Library Floor.mat
  artifactKey: Guid(37f9d463e639f694ea47c2c57ae5fccf) Importer(815301076,1909f56bfc062723c751e8b465ee728b)
Start importing Assets/Materials/Library Floor.mat using Guid(37f9d463e639f694ea47c2c57ae5fccf) Importer(815301076,1909f56bfc062723c751e8b465ee728b) [PhysX] Initialized MultithreadedTaskDispatcher with 12 workers.
[PhysX] Initialized MultithreadedTaskDispatcher with 12 workers.
 -> (artifact id: '521ec13cf921671c6c9888b2ae971861') in 0.016681 seconds
Number of updated asset objects reloaded before import = 0
Number of asset objects unloaded after import = 2
========================================================================
Received Import Request.
  Time since last request: 1040.326043 seconds.
  path: Assets/Textures/New Folder
  artifactKey: Guid(e1217281d9a38c44db65f89763b63776) Importer(815301076,1909f56bfc062723c751e8b465ee728b)
Start importing Assets/Textures/New Folder using Guid(e1217281d9a38c44db65f89763b63776) Importer(815301076,1909f56bfc062723c751e8b465ee728b) [PhysX] Initialized MultithreadedTaskDispatcher with 12 workers.
 -> (artifact id: '1df28883da7b9bd8e3ffc2d7626aa68e') in 0.000504 seconds
Number of updated asset objects reloaded before import = 0
Number of asset objects unloaded after import = 0
========================================================================
Received Import Request.
  Time since last request: 14.138615 seconds.
  path: Assets/Textures/New Folder/Library Wall 1.PNG
  artifactKey: Guid(396e3af1c4b5ec146831428af31521f4) Importer(815301076,1909f56bfc062723c751e8b465ee728b)
Start importing Assets/Textures/New Folder/Library Wall 1.PNG using Guid(396e3af1c4b5ec146831428af31521f4) Importer(815301076,1909f56bfc062723c751e8b465ee728b) [PhysX] Initialized MultithreadedTaskDispatcher with 12 workers.
[PhysX] Initialized MultithreadedTaskDispatcher with 12 workers.
 -> (artifact id: '452ac0535a882a20b2a28f18bfdde68b') in 0.005924 seconds
Number of updated asset objects reloaded before import = 0
Number of asset objects unloaded after import = 2
========================================================================
Received Import Request.
  Time since last request: 0.392687 seconds.
  path: Assets/Textures/New Folder/Library Wall 2.PNG
  artifactKey: Guid(cd78c7da41d32a44fb652a0f7117f6a2) Importer(815301076,1909f56bfc062723c751e8b465ee728b)
Start importing Assets/Textures/New Folder/Library Wall 2.PNG using Guid(cd78c7da41d32a44fb652a0f7117f6a2) Importer(815301076,1909f56bfc062723c751e8b465ee728b) [PhysX] Initialized MultithreadedTaskDispatcher with 12 workers.
[PhysX] Initialized MultithreadedTaskDispatcher with 12 workers.
 -> (artifact id: 'ea6c36bf85d00fa9e8b32a398d8c549e') in 0.005120 seconds
Number of updated asset objects reloaded before import = 0
Number of asset objects unloaded after import = 2
========================================================================
Received Import Request.
  Time since last request: 0.233997 seconds.
  path: Assets/Textures/New Folder/Library Wall 3.PNG
  artifactKey: Guid(08685036c3b8175449c202e4fff9cbcb) Importer(815301076,1909f56bfc062723c751e8b465ee728b)
Start importing Assets/Textures/New Folder/Library Wall 3.PNG using Guid(08685036c3b8175449c202e4fff9cbcb) Importer(815301076,1909f56bfc062723c751e8b465ee728b) [PhysX] Initialized MultithreadedTaskDispatcher with 12 workers.
[PhysX] Initialized MultithreadedTaskDispatcher with 12 workers.
 -> (artifact id: 'a8b2d62a4f54d11aa88e31277e01df46') in 0.008013 seconds
Number of updated asset objects reloaded before import = 0
Number of asset objects unloaded after import = 2
========================================================================
Received Import Request.
  Time since last request: 0.178262 seconds.
  path: Assets/Textures/New Folder/Library Wall 4.PNG
  artifactKey: Guid(5cfb56ee8e896d2478752823a820b3ad) Importer(815301076,1909f56bfc062723c751e8b465ee728b)
Start importing Assets/Textures/New Folder/Library Wall 4.PNG using Guid(5cfb56ee8e896d2478752823a820b3ad) Importer(815301076,1909f56bfc062723c751e8b465ee728b) [PhysX] Initialized MultithreadedTaskDispatcher with 12 workers.
[PhysX] Initialized MultithreadedTaskDispatcher with 12 workers.
 -> (artifact id: '201fc018b8cbd3cef9db8fac52baf20d') in 0.005239 seconds
Number of updated asset objects reloaded before import = 0
Number of asset objects unloaded after import = 2
========================================================================
Received Import Request.
  Time since last request: 0.645777 seconds.
  path: Assets/Textures/New Folder/Library Wall 5.PNG
  artifactKey: Guid(757605b8ec3e8e04cb5365978078fc9c) Importer(815301076,1909f56bfc062723c751e8b465ee728b)
Start importing Assets/Textures/New Folder/Library Wall 5.PNG using Guid(757605b8ec3e8e04cb5365978078fc9c) Importer(815301076,1909f56bfc062723c751e8b465ee728b) [PhysX] Initialized MultithreadedTaskDispatcher with 12 workers.
[PhysX] Initialized MultithreadedTaskDispatcher with 12 workers.
 -> (artifact id: 'bd76ed1cc5749c5dce384faa52f464f7') in 0.005356 seconds
Number of updated asset objects reloaded before import = 0
Number of asset objects unloaded after import = 2
========================================================================
Received Import Request.
  Time since last request: 7.024199 seconds.
  path: Assets/Textures/New Folder/South.PNG
  artifactKey: Guid(396e3af1c4b5ec146831428af31521f4) Importer(815301076,1909f56bfc062723c751e8b465ee728b)
Start importing Assets/Textures/New Folder/South.PNG using Guid(396e3af1c4b5ec146831428af31521f4) Importer(815301076,1909f56bfc062723c751e8b465ee728b) [PhysX] Initialized MultithreadedTaskDispatcher with 12 workers.
[PhysX] Initialized MultithreadedTaskDispatcher with 12 workers.
 -> (artifact id: 'bac68eb47eed7d39230977b977348624') in 0.005050 seconds
Number of updated asset objects reloaded before import = 0
Number of asset objects unloaded after import = 2
========================================================================
Received Import Request.
  Time since last request: 4.259305 seconds.
  path: Assets/Textures/New Folder/North.PNG
  artifactKey: Guid(757605b8ec3e8e04cb5365978078fc9c) Importer(815301076,1909f56bfc062723c751e8b465ee728b)
Start importing Assets/Textures/New Folder/North.PNG using Guid(757605b8ec3e8e04cb5365978078fc9c) Importer(815301076,1909f56bfc062723c751e8b465ee728b) [PhysX] Initialized MultithreadedTaskDispatcher with 12 workers.
[PhysX] Initialized MultithreadedTaskDispatcher with 12 workers.
 -> (artifact id: '176f84b8bff555cbc1544251c7b52aa1') in 0.004813 seconds
Number of updated asset objects reloaded before import = 0
Number of asset objects unloaded after import = 2
========================================================================
Received Import Request.
  Time since last request: 5.449415 seconds.
  path: Assets/Textures/New Folder/East.PNG
  artifactKey: Guid(5cfb56ee8e896d2478752823a820b3ad) Importer(815301076,1909f56bfc062723c751e8b465ee728b)
Start importing Assets/Textures/New Folder/East.PNG using Guid(5cfb56ee8e896d2478752823a820b3ad) Importer(815301076,1909f56bfc062723c751e8b465ee728b) [PhysX] Initialized MultithreadedTaskDispatcher with 12 workers.
[PhysX] Initialized MultithreadedTaskDispatcher with 12 workers.
 -> (artifact id: '9a6408d2a48622ffa3f20c3d186fe163') in 0.005607 seconds
Number of updated asset objects reloaded before import = 0
Number of asset objects unloaded after import = 2
========================================================================
Received Import Request.
  Time since last request: 5.843995 seconds.
  path: Assets/Textures/New Folder/WestUpper.PNG
  artifactKey: Guid(316ceb51c800b3642884c64f8350d39d) Importer(815301076,1909f56bfc062723c751e8b465ee728b)
Start importing Assets/Textures/New Folder/WestUpper.PNG using Guid(316ceb51c800b3642884c64f8350d39d) Importer(815301076,1909f56bfc062723c751e8b465ee728b) [PhysX] Initialized MultithreadedTaskDispatcher with 12 workers.
[PhysX] Initialized MultithreadedTaskDispatcher with 12 workers.
 -> (artifact id: '7e8a7c59075e4d53e8913d3f3971ad9e') in 0.005138 seconds
Number of updated asset objects reloaded before import = 0
Number of asset objects unloaded after import = 2
========================================================================
Received Import Request.
  Time since last request: 5.341951 seconds.
  path: Assets/Textures/New Folder/WestLower.PNG
  artifactKey: Guid(08685036c3b8175449c202e4fff9cbcb) Importer(815301076,1909f56bfc062723c751e8b465ee728b)
Start importing Assets/Textures/New Folder/WestLower.PNG using Guid(08685036c3b8175449c202e4fff9cbcb) Importer(815301076,1909f56bfc062723c751e8b465ee728b) [PhysX] Initialized MultithreadedTaskDispatcher with 12 workers.
[PhysX] Initialized MultithreadedTaskDispatcher with 12 workers.
 -> (artifact id: '14ca744288b62afe86cde8a49ce0d1a0') in 0.005450 seconds
Number of updated asset objects reloaded before import = 0
Number of asset objects unloaded after import = 2
========================================================================
Received Import Request.
  Time since last request: 5.629406 seconds.
  path: Assets/Textures/New Folder/Mid.PNG
  artifactKey: Guid(cd78c7da41d32a44fb652a0f7117f6a2) Importer(815301076,1909f56bfc062723c751e8b465ee728b)
Start importing Assets/Textures/New Folder/Mid.PNG using Guid(cd78c7da41d32a44fb652a0f7117f6a2) Importer(815301076,1909f56bfc062723c751e8b465ee728b) [PhysX] Initialized MultithreadedTaskDispatcher with 12 workers.
[PhysX] Initialized MultithreadedTaskDispatcher with 12 workers.
 -> (artifact id: '2954b31165979136dbccf244781d08ba') in 0.005200 seconds
Number of updated asset objects reloaded before import = 0
Number of asset objects unloaded after import = 2
========================================================================
Received Import Request.
  Time since last request: 502.439947 seconds.
  path: Assets/Textures/Library
  artifactKey: Guid(19940368efcbf7f47a04c2f15afe894d) Importer(815301076,1909f56bfc062723c751e8b465ee728b)
Start importing Assets/Textures/Library using Guid(19940368efcbf7f47a04c2f15afe894d) Importer(815301076,1909f56bfc062723c751e8b465ee728b) [PhysX] Initialized MultithreadedTaskDispatcher with 12 workers.
 -> (artifact id: '58adc1f9fb48ab0402a92165f73885c5') in 0.000622 seconds
Number of updated asset objects reloaded before import = 0
Number of asset objects unloaded after import = 0
========================================================================
Received Import Request.
  Time since last request: 0.068069 seconds.
  path: Assets/Textures/Library/Library Floor.PNG
  artifactKey: Guid(50396d4c0779e9747a536961be465dcb) Importer(815301076,1909f56bfc062723c751e8b465ee728b)
Start importing Assets/Textures/Library/Library Floor.PNG using Guid(50396d4c0779e9747a536961be465dcb) Importer(815301076,1909f56bfc062723c751e8b465ee728b) [PhysX] Initialized MultithreadedTaskDispatcher with 12 workers.
[PhysX] Initialized MultithreadedTaskDispatcher with 12 workers.
 -> (artifact id: '86bd951c525dce047406a89600c012a8') in 0.014953 seconds
Number of updated asset objects reloaded before import = 0
Number of asset objects unloaded after import = 2
========================================================================
Received Import Request.
  Time since last request: 1248.439008 seconds.
  path: Assets/Textures/Library/LibraryEastWall.png
  artifactKey: Guid(cb0ceba54f51f6f4cbacd9452b8ffa2f) Importer(815301076,1909f56bfc062723c751e8b465ee728b)
Start importing Assets/Textures/Library/LibraryEastWall.png using Guid(cb0ceba54f51f6f4cbacd9452b8ffa2f) Importer(815301076,1909f56bfc062723c751e8b465ee728b) [PhysX] Initialized MultithreadedTaskDispatcher with 12 workers.
[PhysX] Initialized MultithreadedTaskDispatcher with 12 workers.
 -> (artifact id: 'b0a83a71551e1acf8d3cf9902a3bd3e0') in 0.026889 seconds
Number of updated asset objects reloaded before import = 0
Number of asset objects unloaded after import = 2
========================================================================
Received Import Request.
  Time since last request: 0.000034 seconds.
  path: Assets/Textures/Library/LibrarySouthWestWall.png
  artifactKey: Guid(c85a06383a0319e45805e320f04009e7) Importer(815301076,1909f56bfc062723c751e8b465ee728b)
Start importing Assets/Textures/Library/LibrarySouthWestWall.png using Guid(c85a06383a0319e45805e320f04009e7) Importer(815301076,1909f56bfc062723c751e8b465ee728b) [PhysX] Initialized MultithreadedTaskDispatcher with 12 workers.
[PhysX] Initialized MultithreadedTaskDispatcher with 12 workers.
 -> (artifact id: '9c58194ab157c03ecaa8215aee2ef079') in 0.013901 seconds
Number of updated asset objects reloaded before import = 0
Number of asset objects unloaded after import = 2
========================================================================
Received Import Request.
  Time since last request: 0.000023 seconds.
  path: Assets/Textures/Library/LibraryNorthWestWall.png
  artifactKey: Guid(afa98d883e0888b429d2ada2669546cf) Importer(815301076,1909f56bfc062723c751e8b465ee728b)
Start importing Assets/Textures/Library/LibraryNorthWestWall.png using Guid(afa98d883e0888b429d2ada2669546cf) Importer(815301076,1909f56bfc062723c751e8b465ee728b) [PhysX] Initialized MultithreadedTaskDispatcher with 12 workers.
[PhysX] Initialized MultithreadedTaskDispatcher with 12 workers.
 -> (artifact id: '3356dce63b7b7606504c6576e3f06503') in 0.010146 seconds
Number of updated asset objects reloaded before import = 0
Number of asset objects unloaded after import = 2
========================================================================
Received Import Request.
  Time since last request: 0.000018 seconds.
  path: Assets/Textures/Library/LibraryMidRightWall.png
  artifactKey: Guid(64810565fa785e143aa2644a29a7c993) Importer(815301076,1909f56bfc062723c751e8b465ee728b)
Start importing Assets/Textures/Library/LibraryMidRightWall.png using Guid(64810565fa785e143aa2644a29a7c993) Importer(815301076,1909f56bfc062723c751e8b465ee728b) [PhysX] Initialized MultithreadedTaskDispatcher with 12 workers.
[PhysX] Initialized MultithreadedTaskDispatcher with 12 workers.
 -> (artifact id: 'bc47d158e1c31df58082f036e8ed2ca9') in 0.018787 seconds
Number of updated asset objects reloaded before import = 0
Number of asset objects unloaded after import = 2
